2017-02-14 17:31:40,850 ERROR r.i.f.u.MultiThreadApplication [main] Файл /media/60841ED2841EAA94/f/coding/shared/inno-labs/labs/lab1/src/main/resources/заяц не существует java.util.concurrent.ExecutionException: Файл /media/60841ED2841EAA94/f/coding/shared/inno-labs/labs/lab1/src/main/resources/заяц не существует
	at java.util.concurrent.FutureTask.report(FutureTask.java:122)
	at java.util.concurrent.FutureTask.get(FutureTask.java:192)
	at ru.innopolis.fdudinskiy.uniqcheck.MultiThreadApplication.getResourceContent(MultiThreadApplication.java:96)
	at ru.innopolis.fdudinskiy.uniqcheck.MultiThreadApplication.main(MultiThreadApplication.java:48)
	at sun.reflect.NativeMethodAccessorImpl.invoke0(Native Method)
	at sun.reflect.NativeMethodAccessorImpl.invoke(NativeMethodAccessorImpl.java:62)
	at sun.reflect.DelegatingMethodAccessorImpl.invoke(DelegatingMethodAccessorImpl.java:43)
	at java.lang.reflect.Method.invoke(Method.java:498)
	at com.intellij.rt.execution.application.AppMain.main(AppMain.java:147)
Caused by: Файл /media/60841ED2841EAA94/f/coding/shared/inno-labs/labs/lab1/src/main/resources/заяц не существует
	at ru.innopolis.fdudinskiy.uniqcheck.resourceReaders.FileContent.<init>(FileContent.java:28)
	at ru.innopolis.fdudinskiy.uniqcheck.resourceReaders.ResourceContentFactory.createChecker(ResourceContentFactory.java:33)
	at ru.innopolis.fdudinskiy.uniqcheck.threads.CreateResourceOperation.call(CreateResourceOperation.java:30)
	at ru.innopolis.fdudinskiy.uniqcheck.threads.CreateResourceOperation.call(CreateResourceOperation.java:11)
	at java.util.concurrent.FutureTask.run(FutureTask.java:266)
	at java.util.concurrent.ThreadPoolExecutor.runWorker(ThreadPoolExecutor.java:1142)
	at java.util.concurrent.ThreadPoolExecutor$Worker.run(ThreadPoolExecutor.java:617)
	at java.lang.Thread.run(Thread.java:745)

2017-02-14 17:32:10,033 ERROR r.i.f.u.MultiThreadApplication [main] Файл /media/60841ED2841EAA94/f/coding/shared/inno-labs/labs/lab1/src/main/resources/textsunrepetable не существует java.util.concurrent.ExecutionException: Файл /media/60841ED2841EAA94/f/coding/shared/inno-labs/labs/lab1/src/main/resources/textsunrepetable не существует
	at java.util.concurrent.FutureTask.report(FutureTask.java:122)
	at java.util.concurrent.FutureTask.get(FutureTask.java:192)
	at ru.innopolis.fdudinskiy.uniqcheck.MultiThreadApplication.getResourceContent(MultiThreadApplication.java:96)
	at ru.innopolis.fdudinskiy.uniqcheck.MultiThreadApplication.main(MultiThreadApplication.java:48)
	at sun.reflect.NativeMethodAccessorImpl.invoke0(Native Method)
	at sun.reflect.NativeMethodAccessorImpl.invoke(NativeMethodAccessorImpl.java:62)
	at sun.reflect.DelegatingMethodAccessorImpl.invoke(DelegatingMethodAccessorImpl.java:43)
	at java.lang.reflect.Method.invoke(Method.java:498)
	at com.intellij.rt.execution.application.AppMain.main(AppMain.java:147)
Caused by: Файл /media/60841ED2841EAA94/f/coding/shared/inno-labs/labs/lab1/src/main/resources/textsunrepetable не существует
	at ru.innopolis.fdudinskiy.uniqcheck.resourceReaders.FileContent.<init>(FileContent.java:28)
	at ru.innopolis.fdudinskiy.uniqcheck.resourceReaders.ResourceContentFactory.createChecker(ResourceContentFactory.java:33)
	at ru.innopolis.fdudinskiy.uniqcheck.threads.CreateResourceOperation.call(CreateResourceOperation.java:30)
	at ru.innopolis.fdudinskiy.uniqcheck.threads.CreateResourceOperation.call(CreateResourceOperation.java:11)
	at java.util.concurrent.FutureTask.run(FutureTask.java:266)
	at java.util.concurrent.ThreadPoolExecutor.runWorker(ThreadPoolExecutor.java:1142)
	at java.util.concurrent.ThreadPoolExecutor$Worker.run(ThreadPoolExecutor.java:617)
	at java.lang.Thread.run(Thread.java:745)

2017-02-14 17:32:30,503 INFO r.i.f.u.MultiThreadApplication [main] Добавление слов прошло успешно, ресурсы содержат только уникальные слова 
2017-02-14 17:41:34,581 INFO r.i.f.u.MultiThreadApplication [main] Добавление слов прошло успешно, ресурсы содержат только уникальные слова 
2017-02-14 17:42:22,473 INFO r.i.f.u.MultiThreadApplication [main] Добавление слов прошло успешно, ресурсы содержат только уникальные слова 
2017-02-14 17:43:00,764 INFO r.i.f.u.MultiThreadApplication [main] Добавление слов прошло успешно, ресурсы содержат только уникальные слова 
2017-02-14 17:43:36,945 INFO r.i.f.u.MultiThreadApplication [main] Добавление слов прошло успешно, ресурсы содержат только уникальные слова 
2017-02-14 17:43:50,023 INFO r.i.f.u.MultiThreadApplication [main] Добавление слов прошло успешно, ресурсы содержат только уникальные слова 
2017-02-14 17:44:49,686 INFO r.i.f.u.MultiThreadApplication [main] Добавление слов прошло успешно, ресурсы содержат только уникальные слова 
2017-02-14 18:43:06,386 ERROR r.i.f.u.MultiThreadApplication [main] Файл /media/60841ED2841EAA94/f/coding/shared/inno-labs/labs/lab1/src/main/resources/unrepetable не существует java.util.concurrent.ExecutionException: Файл /media/60841ED2841EAA94/f/coding/shared/inno-labs/labs/lab1/src/main/resources/unrepetable не существует
	at java.util.concurrent.FutureTask.report(FutureTask.java:122)
	at java.util.concurrent.FutureTask.get(FutureTask.java:192)
	at ru.innopolis.fdudinskiy.uniqcheck.MultiThreadApplication.getResourceContent(MultiThreadApplication.java:94)
	at ru.innopolis.fdudinskiy.uniqcheck.MultiThreadApplication.main(MultiThreadApplication.java:48)
	at MultiThreadApplicationTest.fullRun(MultiThreadApplicationTest.java:19)
	at sun.reflect.NativeMethodAccessorImpl.invoke0(Native Method)
	at sun.reflect.NativeMethodAccessorImpl.invoke(NativeMethodAccessorImpl.java:62)
	at sun.reflect.DelegatingMethodAccessorImpl.invoke(DelegatingMethodAccessorImpl.java:43)
	at java.lang.reflect.Method.invoke(Method.java:498)
	at org.junit.platform.commons.util.ReflectionUtils.invokeMethod(ReflectionUtils.java:289)
	at org.junit.jupiter.engine.execution.ExecutableInvoker.invoke(ExecutableInvoker.java:114)
	at org.junit.jupiter.engine.descriptor.MethodTestDescriptor.lambda$invokeTestMethod$7(MethodTestDescriptor.java:212)
	at org.junit.jupiter.engine.execution.ThrowableCollector.execute(ThrowableCollector.java:40)
	at org.junit.jupiter.engine.descriptor.MethodTestDescriptor.invokeTestMethod(MethodTestDescriptor.java:208)
	at org.junit.jupiter.engine.descriptor.MethodTestDescriptor.execute(MethodTestDescriptor.java:155)
	at org.junit.jupiter.engine.descriptor.MethodTestDescriptor.execute(MethodTestDescriptor.java:63)
	at org.junit.platform.engine.support.hierarchical.HierarchicalTestExecutor.lambda$execute$0(HierarchicalTestExecutor.java:80)
	at org.junit.platform.engine.support.hierarchical.SingleTestExecutor.executeSafely(SingleTestExecutor.java:66)
	at org.junit.platform.engine.support.hierarchical.HierarchicalTestExecutor.execute(HierarchicalTestExecutor.java:76)
	at org.junit.platform.engine.support.hierarchical.HierarchicalTestExecutor.lambda$execute$0(HierarchicalTestExecutor.java:87)
	at org.junit.platform.engine.support.hierarchical.SingleTestExecutor.executeSafely(SingleTestExecutor.java:66)
	at org.junit.platform.engine.support.hierarchical.HierarchicalTestExecutor.execute(HierarchicalTestExecutor.java:76)
	at org.junit.platform.engine.support.hierarchical.HierarchicalTestExecutor.lambda$execute$0(HierarchicalTestExecutor.java:87)
	at org.junit.platform.engine.support.hierarchical.SingleTestExecutor.executeSafely(SingleTestExecutor.java:66)
	at org.junit.platform.engine.support.hierarchical.HierarchicalTestExecutor.execute(HierarchicalTestExecutor.java:76)
	at org.junit.platform.engine.support.hierarchical.HierarchicalTestExecutor.execute(HierarchicalTestExecutor.java:51)
	at org.junit.platform.engine.support.hierarchical.HierarchicalTestEngine.execute(HierarchicalTestEngine.java:43)
	at org.junit.platform.launcher.core.DefaultLauncher.execute(DefaultLauncher.java:129)
	at org.junit.platform.launcher.core.DefaultLauncher.execute(DefaultLauncher.java:85)
	at com.intellij.junit5.JUnit5IdeaTestRunner.startRunnerWithArgs(JUnit5IdeaTestRunner.java:59)
	at com.intellij.rt.execution.junit.IdeaTestRunner$Repeater.startRunnerWithArgs(IdeaTestRunner.java:51)
	at com.intellij.rt.execution.junit.JUnitStarter.prepareStreamsAndStart(JUnitStarter.java:237)
	at com.intellij.rt.execution.junit.JUnitStarter.main(JUnitStarter.java:70)
	at sun.reflect.NativeMethodAccessorImpl.invoke0(Native Method)
	at sun.reflect.NativeMethodAccessorImpl.invoke(NativeMethodAccessorImpl.java:62)
	at sun.reflect.DelegatingMethodAccessorImpl.invoke(DelegatingMethodAccessorImpl.java:43)
	at java.lang.reflect.Method.invoke(Method.java:498)
	at com.intellij.rt.execution.application.AppMain.main(AppMain.java:147)
Caused by: Файл /media/60841ED2841EAA94/f/coding/shared/inno-labs/labs/lab1/src/main/resources/unrepetable не существует
	at ru.innopolis.fdudinskiy.uniqcheck.resourceReaders.FileContent.<init>(FileContent.java:28)
	at ru.innopolis.fdudinskiy.uniqcheck.resourceReaders.ResourceContentFactory.createChecker(ResourceContentFactory.java:33)
	at ru.innopolis.fdudinskiy.uniqcheck.threads.CreateResourceOperation.call(CreateResourceOperation.java:30)
	at ru.innopolis.fdudinskiy.uniqcheck.threads.CreateResourceOperation.call(CreateResourceOperation.java:11)
	at java.util.concurrent.FutureTask.run(FutureTask.java:266)
	at java.util.concurrent.ThreadPoolExecutor.runWorker(ThreadPoolExecutor.java:1142)
	at java.util.concurrent.ThreadPoolExecutor$Worker.run(ThreadPoolExecutor.java:617)
	at java.lang.Thread.run(Thread.java:745)

2017-02-14 18:48:12,479 ERROR r.i.f.u.MultiThreadApplication [main] Файл /media/60841ED2841EAA94/f/coding/shared/inno-labs/labs/lab1/src/main/resources/unrepetable не существует java.util.concurrent.ExecutionException: Файл /media/60841ED2841EAA94/f/coding/shared/inno-labs/labs/lab1/src/main/resources/unrepetable не существует
	at java.util.concurrent.FutureTask.report(FutureTask.java:122)
	at java.util.concurrent.FutureTask.get(FutureTask.java:192)
	at ru.innopolis.fdudinskiy.uniqcheck.MultiThreadApplication.getResourceContent(MultiThreadApplication.java:97)
	at ru.innopolis.fdudinskiy.uniqcheck.MultiThreadApplication.main(MultiThreadApplication.java:49)
	at MultiThreadApplicationTest.fullRun(MultiThreadApplicationTest.java:20)
	at sun.reflect.NativeMethodAccessorImpl.invoke0(Native Method)
	at sun.reflect.NativeMethodAccessorImpl.invoke(NativeMethodAccessorImpl.java:62)
	at sun.reflect.DelegatingMethodAccessorImpl.invoke(DelegatingMethodAccessorImpl.java:43)
	at java.lang.reflect.Method.invoke(Method.java:498)
	at org.junit.platform.commons.util.ReflectionUtils.invokeMethod(ReflectionUtils.java:289)
	at org.junit.jupiter.engine.execution.ExecutableInvoker.invoke(ExecutableInvoker.java:114)
	at org.junit.jupiter.engine.descriptor.MethodTestDescriptor.lambda$invokeTestMethod$7(MethodTestDescriptor.java:212)
	at org.junit.jupiter.engine.execution.ThrowableCollector.execute(ThrowableCollector.java:40)
	at org.junit.jupiter.engine.descriptor.MethodTestDescriptor.invokeTestMethod(MethodTestDescriptor.java:208)
	at org.junit.jupiter.engine.descriptor.MethodTestDescriptor.execute(MethodTestDescriptor.java:155)
	at org.junit.jupiter.engine.descriptor.MethodTestDescriptor.execute(MethodTestDescriptor.java:63)
	at org.junit.platform.engine.support.hierarchical.HierarchicalTestExecutor.lambda$execute$0(HierarchicalTestExecutor.java:80)
	at org.junit.platform.engine.support.hierarchical.SingleTestExecutor.executeSafely(SingleTestExecutor.java:66)
	at org.junit.platform.engine.support.hierarchical.HierarchicalTestExecutor.execute(HierarchicalTestExecutor.java:76)
	at org.junit.platform.engine.support.hierarchical.HierarchicalTestExecutor.lambda$execute$0(HierarchicalTestExecutor.java:87)
	at org.junit.platform.engine.support.hierarchical.SingleTestExecutor.executeSafely(SingleTestExecutor.java:66)
	at org.junit.platform.engine.support.hierarchical.HierarchicalTestExecutor.execute(HierarchicalTestExecutor.java:76)
	at org.junit.platform.engine.support.hierarchical.HierarchicalTestExecutor.lambda$execute$0(HierarchicalTestExecutor.java:87)
	at org.junit.platform.engine.support.hierarchical.SingleTestExecutor.executeSafely(SingleTestExecutor.java:66)
	at org.junit.platform.engine.support.hierarchical.HierarchicalTestExecutor.execute(HierarchicalTestExecutor.java:76)
	at org.junit.platform.engine.support.hierarchical.HierarchicalTestExecutor.execute(HierarchicalTestExecutor.java:51)
	at org.junit.platform.engine.support.hierarchical.HierarchicalTestEngine.execute(HierarchicalTestEngine.java:43)
	at org.junit.platform.launcher.core.DefaultLauncher.execute(DefaultLauncher.java:129)
	at org.junit.platform.launcher.core.DefaultLauncher.execute(DefaultLauncher.java:85)
	at com.intellij.junit5.JUnit5IdeaTestRunner.startRunnerWithArgs(JUnit5IdeaTestRunner.java:59)
	at com.intellij.rt.execution.junit.IdeaTestRunner$Repeater.startRunnerWithArgs(IdeaTestRunner.java:51)
	at com.intellij.rt.execution.junit.JUnitStarter.prepareStreamsAndStart(JUnitStarter.java:237)
	at com.intellij.rt.execution.junit.JUnitStarter.main(JUnitStarter.java:70)
	at sun.reflect.NativeMethodAccessorImpl.invoke0(Native Method)
	at sun.reflect.NativeMethodAccessorImpl.invoke(NativeMethodAccessorImpl.java:62)
	at sun.reflect.DelegatingMethodAccessorImpl.invoke(DelegatingMethodAccessorImpl.java:43)
	at java.lang.reflect.Method.invoke(Method.java:498)
	at com.intellij.rt.execution.application.AppMain.main(AppMain.java:147)
Caused by: Файл /media/60841ED2841EAA94/f/coding/shared/inno-labs/labs/lab1/src/main/resources/unrepetable не существует
	at ru.innopolis.fdudinskiy.uniqcheck.resourceReaders.FileContent.<init>(FileContent.java:28)
	at ru.innopolis.fdudinskiy.uniqcheck.resourceReaders.ResourceContentFactory.createChecker(ResourceContentFactory.java:33)
	at ru.innopolis.fdudinskiy.uniqcheck.threads.CreateResourceOperation.call(CreateResourceOperation.java:30)
	at ru.innopolis.fdudinskiy.uniqcheck.threads.CreateResourceOperation.call(CreateResourceOperation.java:11)
	at java.util.concurrent.FutureTask.run(FutureTask.java:266)
	at java.util.concurrent.ThreadPoolExecutor.runWorker(ThreadPoolExecutor.java:1142)
	at java.util.concurrent.ThreadPoolExecutor$Worker.run(ThreadPoolExecutor.java:617)
	at java.lang.Thread.run(Thread.java:745)

2017-02-14 18:48:43,025 ERROR r.i.f.u.MultiThreadApplication [main] Файл /media/60841ED2841EAA94/f/coding/shared/inno-labs/labs/lab1/src/main/resources/text/unrepetable не существует java.util.concurrent.ExecutionException: Файл /media/60841ED2841EAA94/f/coding/shared/inno-labs/labs/lab1/src/main/resources/text/unrepetable не существует
	at java.util.concurrent.FutureTask.report(FutureTask.java:122)
	at java.util.concurrent.FutureTask.get(FutureTask.java:192)
	at ru.innopolis.fdudinskiy.uniqcheck.MultiThreadApplication.getResourceContent(MultiThreadApplication.java:97)
	at ru.innopolis.fdudinskiy.uniqcheck.MultiThreadApplication.main(MultiThreadApplication.java:49)
	at MultiThreadApplicationTest.fullRun(MultiThreadApplicationTest.java:20)
	at sun.reflect.NativeMethodAccessorImpl.invoke0(Native Method)
	at sun.reflect.NativeMethodAccessorImpl.invoke(NativeMethodAccessorImpl.java:62)
	at sun.reflect.DelegatingMethodAccessorImpl.invoke(DelegatingMethodAccessorImpl.java:43)
	at java.lang.reflect.Method.invoke(Method.java:498)
	at org.junit.platform.commons.util.ReflectionUtils.invokeMethod(ReflectionUtils.java:289)
	at org.junit.jupiter.engine.execution.ExecutableInvoker.invoke(ExecutableInvoker.java:114)
	at org.junit.jupiter.engine.descriptor.MethodTestDescriptor.lambda$invokeTestMethod$7(MethodTestDescriptor.java:212)
	at org.junit.jupiter.engine.execution.ThrowableCollector.execute(ThrowableCollector.java:40)
	at org.junit.jupiter.engine.descriptor.MethodTestDescriptor.invokeTestMethod(MethodTestDescriptor.java:208)
	at org.junit.jupiter.engine.descriptor.MethodTestDescriptor.execute(MethodTestDescriptor.java:155)
	at org.junit.jupiter.engine.descriptor.MethodTestDescriptor.execute(MethodTestDescriptor.java:63)
	at org.junit.platform.engine.support.hierarchical.HierarchicalTestExecutor.lambda$execute$0(HierarchicalTestExecutor.java:80)
	at org.junit.platform.engine.support.hierarchical.SingleTestExecutor.executeSafely(SingleTestExecutor.java:66)
	at org.junit.platform.engine.support.hierarchical.HierarchicalTestExecutor.execute(HierarchicalTestExecutor.java:76)
	at org.junit.platform.engine.support.hierarchical.HierarchicalTestExecutor.lambda$execute$0(HierarchicalTestExecutor.java:87)
	at org.junit.platform.engine.support.hierarchical.SingleTestExecutor.executeSafely(SingleTestExecutor.java:66)
	at org.junit.platform.engine.support.hierarchical.HierarchicalTestExecutor.execute(HierarchicalTestExecutor.java:76)
	at org.junit.platform.engine.support.hierarchical.HierarchicalTestExecutor.lambda$execute$0(HierarchicalTestExecutor.java:87)
	at org.junit.platform.engine.support.hierarchical.SingleTestExecutor.executeSafely(SingleTestExecutor.java:66)
	at org.junit.platform.engine.support.hierarchical.HierarchicalTestExecutor.execute(HierarchicalTestExecutor.java:76)
	at org.junit.platform.engine.support.hierarchical.HierarchicalTestExecutor.execute(HierarchicalTestExecutor.java:51)
	at org.junit.platform.engine.support.hierarchical.HierarchicalTestEngine.execute(HierarchicalTestEngine.java:43)
	at org.junit.platform.launcher.core.DefaultLauncher.execute(DefaultLauncher.java:129)
	at org.junit.platform.launcher.core.DefaultLauncher.execute(DefaultLauncher.java:85)
	at com.intellij.junit5.JUnit5IdeaTestRunner.startRunnerWithArgs(JUnit5IdeaTestRunner.java:59)
	at com.intellij.rt.execution.junit.IdeaTestRunner$Repeater.startRunnerWithArgs(IdeaTestRunner.java:51)
	at com.intellij.rt.execution.junit.JUnitStarter.prepareStreamsAndStart(JUnitStarter.java:237)
	at com.intellij.rt.execution.junit.JUnitStarter.main(JUnitStarter.java:70)
	at sun.reflect.NativeMethodAccessorImpl.invoke0(Native Method)
	at sun.reflect.NativeMethodAccessorImpl.invoke(NativeMethodAccessorImpl.java:62)
	at sun.reflect.DelegatingMethodAccessorImpl.invoke(DelegatingMethodAccessorImpl.java:43)
	at java.lang.reflect.Method.invoke(Method.java:498)
	at com.intellij.rt.execution.application.AppMain.main(AppMain.java:147)
Caused by: Файл /media/60841ED2841EAA94/f/coding/shared/inno-labs/labs/lab1/src/main/resources/text/unrepetable не существует
	at ru.innopolis.fdudinskiy.uniqcheck.resourceReaders.FileContent.<init>(FileContent.java:28)
	at ru.innopolis.fdudinskiy.uniqcheck.resourceReaders.ResourceContentFactory.createChecker(ResourceContentFactory.java:33)
	at ru.innopolis.fdudinskiy.uniqcheck.threads.CreateResourceOperation.call(CreateResourceOperation.java:30)
	at ru.innopolis.fdudinskiy.uniqcheck.threads.CreateResourceOperation.call(CreateResourceOperation.java:11)
	at java.util.concurrent.FutureTask.run(FutureTask.java:266)
	at java.util.concurrent.ThreadPoolExecutor.runWorker(ThreadPoolExecutor.java:1142)
	at java.util.concurrent.ThreadPoolExecutor$Worker.run(ThreadPoolExecutor.java:617)
	at java.lang.Thread.run(Thread.java:745)

2017-02-14 18:49:11,448 INFO r.i.f.u.MultiThreadApplication [main] Добавление слов прошло успешно, ресурсы содержат только уникальные слова 
2017-02-14 19:50:43,764 ERROR r.i.f.u.MultiThreadApplication [main] Строка 'Пиф – паф! Ой-ой-ой!' в файле /media/60841ED2841EAA94/f/coding/shared/inno-labs/labs/lab1/src/main/resources/texts/заяц содержит запрещенные символы! java.util.concurrent.ExecutionException: Строка 'Пиф – паф! Ой-ой-ой!' в файле /media/60841ED2841EAA94/f/coding/shared/inno-labs/labs/lab1/src/main/resources/texts/заяц содержит запрещенные символы!
	at java.util.concurrent.FutureTask.report(FutureTask.java:122)
	at java.util.concurrent.FutureTask.get(FutureTask.java:192)
	at ru.innopolis.fdudinskiy.uniqcheck.MultiThreadApplication.getResourceContent(MultiThreadApplication.java:97)
	at ru.innopolis.fdudinskiy.uniqcheck.MultiThreadApplication.main(MultiThreadApplication.java:49)
	at MultiThreadApplicationTest.fullRun(MultiThreadApplicationTest.java:20)
	at sun.reflect.NativeMethodAccessorImpl.invoke0(Native Method)
	at sun.reflect.NativeMethodAccessorImpl.invoke(NativeMethodAccessorImpl.java:62)
	at sun.reflect.DelegatingMethodAccessorImpl.invoke(DelegatingMethodAccessorImpl.java:43)
	at java.lang.reflect.Method.invoke(Method.java:498)
	at org.junit.platform.commons.util.ReflectionUtils.invokeMethod(ReflectionUtils.java:289)
	at org.junit.jupiter.engine.execution.ExecutableInvoker.invoke(ExecutableInvoker.java:114)
	at org.junit.jupiter.engine.descriptor.MethodTestDescriptor.lambda$invokeTestMethod$7(MethodTestDescriptor.java:212)
	at org.junit.jupiter.engine.execution.ThrowableCollector.execute(ThrowableCollector.java:40)
	at org.junit.jupiter.engine.descriptor.MethodTestDescriptor.invokeTestMethod(MethodTestDescriptor.java:208)
	at org.junit.jupiter.engine.descriptor.MethodTestDescriptor.execute(MethodTestDescriptor.java:155)
	at org.junit.jupiter.engine.descriptor.MethodTestDescriptor.execute(MethodTestDescriptor.java:63)
	at org.junit.platform.engine.support.hierarchical.HierarchicalTestExecutor.lambda$execute$0(HierarchicalTestExecutor.java:80)
	at org.junit.platform.engine.support.hierarchical.SingleTestExecutor.executeSafely(SingleTestExecutor.java:66)
	at org.junit.platform.engine.support.hierarchical.HierarchicalTestExecutor.execute(HierarchicalTestExecutor.java:76)
	at org.junit.platform.engine.support.hierarchical.HierarchicalTestExecutor.lambda$execute$0(HierarchicalTestExecutor.java:87)
	at org.junit.platform.engine.support.hierarchical.SingleTestExecutor.executeSafely(SingleTestExecutor.java:66)
	at org.junit.platform.engine.support.hierarchical.HierarchicalTestExecutor.execute(HierarchicalTestExecutor.java:76)
	at org.junit.platform.engine.support.hierarchical.HierarchicalTestExecutor.lambda$execute$0(HierarchicalTestExecutor.java:87)
	at org.junit.platform.engine.support.hierarchical.SingleTestExecutor.executeSafely(SingleTestExecutor.java:66)
	at org.junit.platform.engine.support.hierarchical.HierarchicalTestExecutor.execute(HierarchicalTestExecutor.java:76)
	at org.junit.platform.engine.support.hierarchical.HierarchicalTestExecutor.execute(HierarchicalTestExecutor.java:51)
	at org.junit.platform.engine.support.hierarchical.HierarchicalTestEngine.execute(HierarchicalTestEngine.java:43)
	at org.junit.platform.launcher.core.DefaultLauncher.execute(DefaultLauncher.java:129)
	at org.junit.platform.launcher.core.DefaultLauncher.execute(DefaultLauncher.java:85)
	at com.intellij.junit5.JUnit5IdeaTestRunner.startRunnerWithArgs(JUnit5IdeaTestRunner.java:59)
	at com.intellij.rt.execution.junit.IdeaTestRunner$Repeater.startRunnerWithArgs(IdeaTestRunner.java:51)
	at com.intellij.rt.execution.junit.JUnitStarter.prepareStreamsAndStart(JUnitStarter.java:237)
	at com.intellij.rt.execution.junit.JUnitStarter.main(JUnitStarter.java:70)
	at sun.reflect.NativeMethodAccessorImpl.invoke0(Native Method)
	at sun.reflect.NativeMethodAccessorImpl.invoke(NativeMethodAccessorImpl.java:62)
	at sun.reflect.DelegatingMethodAccessorImpl.invoke(DelegatingMethodAccessorImpl.java:43)
	at java.lang.reflect.Method.invoke(Method.java:498)
	at com.intellij.rt.execution.application.AppMain.main(AppMain.java:147)
Caused by: Строка 'Пиф – паф! Ой-ой-ой!' в файле /media/60841ED2841EAA94/f/coding/shared/inno-labs/labs/lab1/src/main/resources/texts/заяц содержит запрещенные символы!
	at ru.innopolis.fdudinskiy.uniqcheck.resourceReaders.ResourceContent.read(ResourceContent.java:55)
	at ru.innopolis.fdudinskiy.uniqcheck.resourceReaders.FileContent.<init>(FileContent.java:52)
	at ru.innopolis.fdudinskiy.uniqcheck.resourceReaders.ResourceContentFactory.createChecker(ResourceContentFactory.java:33)
	at ru.innopolis.fdudinskiy.uniqcheck.threads.CreateResourceOperation.call(CreateResourceOperation.java:30)
	at ru.innopolis.fdudinskiy.uniqcheck.threads.CreateResourceOperation.call(CreateResourceOperation.java:11)
	at java.util.concurrent.FutureTask.run(FutureTask.java:266)
	at java.util.concurrent.ThreadPoolExecutor.runWorker(ThreadPoolExecutor.java:1142)
	at java.util.concurrent.ThreadPoolExecutor$Worker.run(ThreadPoolExecutor.java:617)
	at java.lang.Thread.run(Thread.java:745)

2017-02-14 19:51:20,848 ERROR r.i.f.u.MultiThreadApplication [main] Строка 'Пиф – паф! Ой-ой-ой!' в файле /media/60841ED2841EAA94/f/coding/shared/inno-labs/labs/lab1/src/main/resources/texts/заяц содержит запрещенные символы! java.util.concurrent.ExecutionException: Строка 'Пиф – паф! Ой-ой-ой!' в файле /media/60841ED2841EAA94/f/coding/shared/inno-labs/labs/lab1/src/main/resources/texts/заяц содержит запрещенные символы!
	at java.util.concurrent.FutureTask.report(FutureTask.java:122)
	at java.util.concurrent.FutureTask.get(FutureTask.java:192)
	at ru.innopolis.fdudinskiy.uniqcheck.MultiThreadApplication.getResourceContent(MultiThreadApplication.java:97)
	at ru.innopolis.fdudinskiy.uniqcheck.MultiThreadApplication.main(MultiThreadApplication.java:49)
	at MultiThreadApplicationTest.fullRun(MultiThreadApplicationTest.java:20)
	at sun.reflect.NativeMethodAccessorImpl.invoke0(Native Method)
	at sun.reflect.NativeMethodAccessorImpl.invoke(NativeMethodAccessorImpl.java:62)
	at sun.reflect.DelegatingMethodAccessorImpl.invoke(DelegatingMethodAccessorImpl.java:43)
	at java.lang.reflect.Method.invoke(Method.java:498)
	at org.junit.platform.commons.util.ReflectionUtils.invokeMethod(ReflectionUtils.java:289)
	at org.junit.jupiter.engine.execution.ExecutableInvoker.invoke(ExecutableInvoker.java:114)
	at org.junit.jupiter.engine.descriptor.MethodTestDescriptor.lambda$invokeTestMethod$7(MethodTestDescriptor.java:212)
	at org.junit.jupiter.engine.execution.ThrowableCollector.execute(ThrowableCollector.java:40)
	at org.junit.jupiter.engine.descriptor.MethodTestDescriptor.invokeTestMethod(MethodTestDescriptor.java:208)
	at org.junit.jupiter.engine.descriptor.MethodTestDescriptor.execute(MethodTestDescriptor.java:155)
	at org.junit.jupiter.engine.descriptor.MethodTestDescriptor.execute(MethodTestDescriptor.java:63)
	at org.junit.platform.engine.support.hierarchical.HierarchicalTestExecutor.lambda$execute$0(HierarchicalTestExecutor.java:80)
	at org.junit.platform.engine.support.hierarchical.SingleTestExecutor.executeSafely(SingleTestExecutor.java:66)
	at org.junit.platform.engine.support.hierarchical.HierarchicalTestExecutor.execute(HierarchicalTestExecutor.java:76)
	at org.junit.platform.engine.support.hierarchical.HierarchicalTestExecutor.lambda$execute$0(HierarchicalTestExecutor.java:87)
	at org.junit.platform.engine.support.hierarchical.SingleTestExecutor.executeSafely(SingleTestExecutor.java:66)
	at org.junit.platform.engine.support.hierarchical.HierarchicalTestExecutor.execute(HierarchicalTestExecutor.java:76)
	at org.junit.platform.engine.support.hierarchical.HierarchicalTestExecutor.lambda$execute$0(HierarchicalTestExecutor.java:87)
	at org.junit.platform.engine.support.hierarchical.SingleTestExecutor.executeSafely(SingleTestExecutor.java:66)
	at org.junit.platform.engine.support.hierarchical.HierarchicalTestExecutor.execute(HierarchicalTestExecutor.java:76)
	at org.junit.platform.engine.support.hierarchical.HierarchicalTestExecutor.execute(HierarchicalTestExecutor.java:51)
	at org.junit.platform.engine.support.hierarchical.HierarchicalTestEngine.execute(HierarchicalTestEngine.java:43)
	at org.junit.platform.launcher.core.DefaultLauncher.execute(DefaultLauncher.java:129)
	at org.junit.platform.launcher.core.DefaultLauncher.execute(DefaultLauncher.java:85)
	at com.intellij.junit5.JUnit5IdeaTestRunner.startRunnerWithArgs(JUnit5IdeaTestRunner.java:59)
	at com.intellij.rt.execution.junit.IdeaTestRunner$Repeater.startRunnerWithArgs(IdeaTestRunner.java:51)
	at com.intellij.rt.execution.junit.JUnitStarter.prepareStreamsAndStart(JUnitStarter.java:237)
	at com.intellij.rt.execution.junit.JUnitStarter.main(JUnitStarter.java:70)
	at sun.reflect.NativeMethodAccessorImpl.invoke0(Native Method)
	at sun.reflect.NativeMethodAccessorImpl.invoke(NativeMethodAccessorImpl.java:62)
	at sun.reflect.DelegatingMethodAccessorImpl.invoke(DelegatingMethodAccessorImpl.java:43)
	at java.lang.reflect.Method.invoke(Method.java:498)
	at com.intellij.rt.execution.application.AppMain.main(AppMain.java:147)
Caused by: Строка 'Пиф – паф! Ой-ой-ой!' в файле /media/60841ED2841EAA94/f/coding/shared/inno-labs/labs/lab1/src/main/resources/texts/заяц содержит запрещенные символы!
	at ru.innopolis.fdudinskiy.uniqcheck.resourceReaders.ResourceContent.read(ResourceContent.java:55)
	at ru.innopolis.fdudinskiy.uniqcheck.resourceReaders.FileContent.<init>(FileContent.java:52)
	at ru.innopolis.fdudinskiy.uniqcheck.resourceReaders.ResourceContentFactory.createChecker(ResourceContentFactory.java:33)
	at ru.innopolis.fdudinskiy.uniqcheck.threads.CreateResourceOperation.call(CreateResourceOperation.java:30)
	at ru.innopolis.fdudinskiy.uniqcheck.threads.CreateResourceOperation.call(CreateResourceOperation.java:11)
	at java.util.concurrent.FutureTask.run(FutureTask.java:266)
	at java.util.concurrent.ThreadPoolExecutor.runWorker(ThreadPoolExecutor.java:1142)
	at java.util.concurrent.ThreadPoolExecutor$Worker.run(ThreadPoolExecutor.java:617)
	at java.lang.Thread.run(Thread.java:745)

2017-02-14 19:53:37,944 ERROR r.i.f.u.MultiThreadApplication [main] Строка 'Пиф – паф! Ой-ой-ой!' в файле /media/60841ED2841EAA94/f/coding/shared/inno-labs/labs/lab1/src/main/resources/texts/заяц содержит запрещенные символы! java.util.concurrent.ExecutionException: Строка 'Пиф – паф! Ой-ой-ой!' в файле /media/60841ED2841EAA94/f/coding/shared/inno-labs/labs/lab1/src/main/resources/texts/заяц содержит запрещенные символы!
	at java.util.concurrent.FutureTask.report(FutureTask.java:122)
	at java.util.concurrent.FutureTask.get(FutureTask.java:192)
	at ru.innopolis.fdudinskiy.uniqcheck.MultiThreadApplication.getResourceContent(MultiThreadApplication.java:97)
	at ru.innopolis.fdudinskiy.uniqcheck.MultiThreadApplication.main(MultiThreadApplication.java:49)
	at MultiThreadApplicationTest.fullRun(MultiThreadApplicationTest.java:20)
	at sun.reflect.NativeMethodAccessorImpl.invoke0(Native Method)
	at sun.reflect.NativeMethodAccessorImpl.invoke(NativeMethodAccessorImpl.java:62)
	at sun.reflect.DelegatingMethodAccessorImpl.invoke(DelegatingMethodAccessorImpl.java:43)
	at java.lang.reflect.Method.invoke(Method.java:498)
	at org.junit.platform.commons.util.ReflectionUtils.invokeMethod(ReflectionUtils.java:289)
	at org.junit.jupiter.engine.execution.ExecutableInvoker.invoke(ExecutableInvoker.java:114)
	at org.junit.jupiter.engine.descriptor.MethodTestDescriptor.lambda$invokeTestMethod$7(MethodTestDescriptor.java:212)
	at org.junit.jupiter.engine.execution.ThrowableCollector.execute(ThrowableCollector.java:40)
	at org.junit.jupiter.engine.descriptor.MethodTestDescriptor.invokeTestMethod(MethodTestDescriptor.java:208)
	at org.junit.jupiter.engine.descriptor.MethodTestDescriptor.execute(MethodTestDescriptor.java:155)
	at org.junit.jupiter.engine.descriptor.MethodTestDescriptor.execute(MethodTestDescriptor.java:63)
	at org.junit.platform.engine.support.hierarchical.HierarchicalTestExecutor.lambda$execute$0(HierarchicalTestExecutor.java:80)
	at org.junit.platform.engine.support.hierarchical.SingleTestExecutor.executeSafely(SingleTestExecutor.java:66)
	at org.junit.platform.engine.support.hierarchical.HierarchicalTestExecutor.execute(HierarchicalTestExecutor.java:76)
	at org.junit.platform.engine.support.hierarchical.HierarchicalTestExecutor.lambda$execute$0(HierarchicalTestExecutor.java:87)
	at org.junit.platform.engine.support.hierarchical.SingleTestExecutor.executeSafely(SingleTestExecutor.java:66)
	at org.junit.platform.engine.support.hierarchical.HierarchicalTestExecutor.execute(HierarchicalTestExecutor.java:76)
	at org.junit.platform.engine.support.hierarchical.HierarchicalTestExecutor.lambda$execute$0(HierarchicalTestExecutor.java:87)
	at org.junit.platform.engine.support.hierarchical.SingleTestExecutor.executeSafely(SingleTestExecutor.java:66)
	at org.junit.platform.engine.support.hierarchical.HierarchicalTestExecutor.execute(HierarchicalTestExecutor.java:76)
	at org.junit.platform.engine.support.hierarchical.HierarchicalTestExecutor.execute(HierarchicalTestExecutor.java:51)
	at org.junit.platform.engine.support.hierarchical.HierarchicalTestEngine.execute(HierarchicalTestEngine.java:43)
	at org.junit.platform.launcher.core.DefaultLauncher.execute(DefaultLauncher.java:129)
	at org.junit.platform.launcher.core.DefaultLauncher.execute(DefaultLauncher.java:85)
	at com.intellij.junit5.JUnit5IdeaTestRunner.startRunnerWithArgs(JUnit5IdeaTestRunner.java:59)
	at com.intellij.rt.execution.junit.IdeaTestRunner$Repeater.startRunnerWithArgs(IdeaTestRunner.java:51)
	at com.intellij.rt.execution.junit.JUnitStarter.prepareStreamsAndStart(JUnitStarter.java:237)
	at com.intellij.rt.execution.junit.JUnitStarter.main(JUnitStarter.java:70)
	at sun.reflect.NativeMethodAccessorImpl.invoke0(Native Method)
	at sun.reflect.NativeMethodAccessorImpl.invoke(NativeMethodAccessorImpl.java:62)
	at sun.reflect.DelegatingMethodAccessorImpl.invoke(DelegatingMethodAccessorImpl.java:43)
	at java.lang.reflect.Method.invoke(Method.java:498)
	at com.intellij.rt.execution.application.AppMain.main(AppMain.java:147)
Caused by: Строка 'Пиф – паф! Ой-ой-ой!' в файле /media/60841ED2841EAA94/f/coding/shared/inno-labs/labs/lab1/src/main/resources/texts/заяц содержит запрещенные символы!
	at ru.innopolis.fdudinskiy.uniqcheck.resourceReaders.ResourceContent.read(ResourceContent.java:55)
	at ru.innopolis.fdudinskiy.uniqcheck.resourceReaders.FileContent.<init>(FileContent.java:52)
	at ru.innopolis.fdudinskiy.uniqcheck.resourceReaders.ResourceContentFactory.createChecker(ResourceContentFactory.java:33)
	at ru.innopolis.fdudinskiy.uniqcheck.threads.CreateResourceOperation.call(CreateResourceOperation.java:30)
	at ru.innopolis.fdudinskiy.uniqcheck.threads.CreateResourceOperation.call(CreateResourceOperation.java:11)
	at java.util.concurrent.FutureTask.run(FutureTask.java:266)
	at java.util.concurrent.ThreadPoolExecutor.runWorker(ThreadPoolExecutor.java:1142)
	at java.util.concurrent.ThreadPoolExecutor$Worker.run(ThreadPoolExecutor.java:617)
	at java.lang.Thread.run(Thread.java:745)

2017-02-14 19:54:02,171 ERROR r.i.f.u.MultiThreadApplication [main] Строка 'Пиф – паф! Ой-ой-ой!' в файле /media/60841ED2841EAA94/f/coding/shared/inno-labs/labs/lab1/src/main/resources/texts/заяц содержит запрещенные символы! java.util.concurrent.ExecutionException: Строка 'Пиф – паф! Ой-ой-ой!' в файле /media/60841ED2841EAA94/f/coding/shared/inno-labs/labs/lab1/src/main/resources/texts/заяц содержит запрещенные символы!
	at java.util.concurrent.FutureTask.report(FutureTask.java:122)
	at java.util.concurrent.FutureTask.get(FutureTask.java:192)
	at ru.innopolis.fdudinskiy.uniqcheck.MultiThreadApplication.getResourceContent(MultiThreadApplication.java:97)
	at ru.innopolis.fdudinskiy.uniqcheck.MultiThreadApplication.main(MultiThreadApplication.java:49)
	at MultiThreadApplicationTest.fullRun(MultiThreadApplicationTest.java:20)
	at sun.reflect.NativeMethodAccessorImpl.invoke0(Native Method)
	at sun.reflect.NativeMethodAccessorImpl.invoke(NativeMethodAccessorImpl.java:62)
	at sun.reflect.DelegatingMethodAccessorImpl.invoke(DelegatingMethodAccessorImpl.java:43)
	at java.lang.reflect.Method.invoke(Method.java:498)
	at org.junit.platform.commons.util.ReflectionUtils.invokeMethod(ReflectionUtils.java:289)
	at org.junit.jupiter.engine.execution.ExecutableInvoker.invoke(ExecutableInvoker.java:114)
	at org.junit.jupiter.engine.descriptor.MethodTestDescriptor.lambda$invokeTestMethod$7(MethodTestDescriptor.java:212)
	at org.junit.jupiter.engine.execution.ThrowableCollector.execute(ThrowableCollector.java:40)
	at org.junit.jupiter.engine.descriptor.MethodTestDescriptor.invokeTestMethod(MethodTestDescriptor.java:208)
	at org.junit.jupiter.engine.descriptor.MethodTestDescriptor.execute(MethodTestDescriptor.java:155)
	at org.junit.jupiter.engine.descriptor.MethodTestDescriptor.execute(MethodTestDescriptor.java:63)
	at org.junit.platform.engine.support.hierarchical.HierarchicalTestExecutor.lambda$execute$0(HierarchicalTestExecutor.java:80)
	at org.junit.platform.engine.support.hierarchical.SingleTestExecutor.executeSafely(SingleTestExecutor.java:66)
	at org.junit.platform.engine.support.hierarchical.HierarchicalTestExecutor.execute(HierarchicalTestExecutor.java:76)
	at org.junit.platform.engine.support.hierarchical.HierarchicalTestExecutor.lambda$execute$0(HierarchicalTestExecutor.java:87)
	at org.junit.platform.engine.support.hierarchical.SingleTestExecutor.executeSafely(SingleTestExecutor.java:66)
	at org.junit.platform.engine.support.hierarchical.HierarchicalTestExecutor.execute(HierarchicalTestExecutor.java:76)
	at org.junit.platform.engine.support.hierarchical.HierarchicalTestExecutor.lambda$execute$0(HierarchicalTestExecutor.java:87)
	at org.junit.platform.engine.support.hierarchical.SingleTestExecutor.executeSafely(SingleTestExecutor.java:66)
	at org.junit.platform.engine.support.hierarchical.HierarchicalTestExecutor.execute(HierarchicalTestExecutor.java:76)
	at org.junit.platform.engine.support.hierarchical.HierarchicalTestExecutor.execute(HierarchicalTestExecutor.java:51)
	at org.junit.platform.engine.support.hierarchical.HierarchicalTestEngine.execute(HierarchicalTestEngine.java:43)
	at org.junit.platform.launcher.core.DefaultLauncher.execute(DefaultLauncher.java:129)
	at org.junit.platform.launcher.core.DefaultLauncher.execute(DefaultLauncher.java:85)
	at com.intellij.junit5.JUnit5IdeaTestRunner.startRunnerWithArgs(JUnit5IdeaTestRunner.java:59)
	at com.intellij.rt.execution.junit.IdeaTestRunner$Repeater.startRunnerWithArgs(IdeaTestRunner.java:51)
	at com.intellij.rt.execution.junit.JUnitStarter.prepareStreamsAndStart(JUnitStarter.java:237)
	at com.intellij.rt.execution.junit.JUnitStarter.main(JUnitStarter.java:70)
	at sun.reflect.NativeMethodAccessorImpl.invoke0(Native Method)
	at sun.reflect.NativeMethodAccessorImpl.invoke(NativeMethodAccessorImpl.java:62)
	at sun.reflect.DelegatingMethodAccessorImpl.invoke(DelegatingMethodAccessorImpl.java:43)
	at java.lang.reflect.Method.invoke(Method.java:498)
	at com.intellij.rt.execution.application.AppMain.main(AppMain.java:147)
Caused by: Строка 'Пиф – паф! Ой-ой-ой!' в файле /media/60841ED2841EAA94/f/coding/shared/inno-labs/labs/lab1/src/main/resources/texts/заяц содержит запрещенные символы!
	at ru.innopolis.fdudinskiy.uniqcheck.resourceReaders.ResourceContent.read(ResourceContent.java:55)
	at ru.innopolis.fdudinskiy.uniqcheck.resourceReaders.FileContent.<init>(FileContent.java:52)
	at ru.innopolis.fdudinskiy.uniqcheck.resourceReaders.ResourceContentFactory.createChecker(ResourceContentFactory.java:33)
	at ru.innopolis.fdudinskiy.uniqcheck.threads.CreateResourceOperation.call(CreateResourceOperation.java:30)
	at ru.innopolis.fdudinskiy.uniqcheck.threads.CreateResourceOperation.call(CreateResourceOperation.java:11)
	at java.util.concurrent.FutureTask.run(FutureTask.java:266)
	at java.util.concurrent.ThreadPoolExecutor.runWorker(ThreadPoolExecutor.java:1142)
	at java.util.concurrent.ThreadPoolExecutor$Worker.run(ThreadPoolExecutor.java:617)
	at java.lang.Thread.run(Thread.java:745)

2017-02-14 19:56:31,400 ERROR r.i.f.u.MultiThreadApplication [main] Строка 'Пиф – паф! Ой-ой-ой!' в файле /media/60841ED2841EAA94/f/coding/shared/inno-labs/labs/lab1/src/main/resources/texts/заяц содержит запрещенные символы! java.util.concurrent.ExecutionException: Строка 'Пиф – паф! Ой-ой-ой!' в файле /media/60841ED2841EAA94/f/coding/shared/inno-labs/labs/lab1/src/main/resources/texts/заяц содержит запрещенные символы!
	at java.util.concurrent.FutureTask.report(FutureTask.java:122)
	at java.util.concurrent.FutureTask.get(FutureTask.java:192)
	at ru.innopolis.fdudinskiy.uniqcheck.MultiThreadApplication.getResourceContent(MultiThreadApplication.java:97)
	at ru.innopolis.fdudinskiy.uniqcheck.MultiThreadApplication.main(MultiThreadApplication.java:49)
	at MultiThreadApplicationTest.fullRun(MultiThreadApplicationTest.java:20)
	at sun.reflect.NativeMethodAccessorImpl.invoke0(Native Method)
	at sun.reflect.NativeMethodAccessorImpl.invoke(NativeMethodAccessorImpl.java:62)
	at sun.reflect.DelegatingMethodAccessorImpl.invoke(DelegatingMethodAccessorImpl.java:43)
	at java.lang.reflect.Method.invoke(Method.java:498)
	at org.junit.platform.commons.util.ReflectionUtils.invokeMethod(ReflectionUtils.java:289)
	at org.junit.jupiter.engine.execution.ExecutableInvoker.invoke(ExecutableInvoker.java:114)
	at org.junit.jupiter.engine.descriptor.MethodTestDescriptor.lambda$invokeTestMethod$7(MethodTestDescriptor.java:212)
	at org.junit.jupiter.engine.execution.ThrowableCollector.execute(ThrowableCollector.java:40)
	at org.junit.jupiter.engine.descriptor.MethodTestDescriptor.invokeTestMethod(MethodTestDescriptor.java:208)
	at org.junit.jupiter.engine.descriptor.MethodTestDescriptor.execute(MethodTestDescriptor.java:155)
	at org.junit.jupiter.engine.descriptor.MethodTestDescriptor.execute(MethodTestDescriptor.java:63)
	at org.junit.platform.engine.support.hierarchical.HierarchicalTestExecutor.lambda$execute$0(HierarchicalTestExecutor.java:80)
	at org.junit.platform.engine.support.hierarchical.SingleTestExecutor.executeSafely(SingleTestExecutor.java:66)
	at org.junit.platform.engine.support.hierarchical.HierarchicalTestExecutor.execute(HierarchicalTestExecutor.java:76)
	at org.junit.platform.engine.support.hierarchical.HierarchicalTestExecutor.lambda$execute$0(HierarchicalTestExecutor.java:87)
	at org.junit.platform.engine.support.hierarchical.SingleTestExecutor.executeSafely(SingleTestExecutor.java:66)
	at org.junit.platform.engine.support.hierarchical.HierarchicalTestExecutor.execute(HierarchicalTestExecutor.java:76)
	at org.junit.platform.engine.support.hierarchical.HierarchicalTestExecutor.lambda$execute$0(HierarchicalTestExecutor.java:87)
	at org.junit.platform.engine.support.hierarchical.SingleTestExecutor.executeSafely(SingleTestExecutor.java:66)
	at org.junit.platform.engine.support.hierarchical.HierarchicalTestExecutor.execute(HierarchicalTestExecutor.java:76)
	at org.junit.platform.engine.support.hierarchical.HierarchicalTestExecutor.execute(HierarchicalTestExecutor.java:51)
	at org.junit.platform.engine.support.hierarchical.HierarchicalTestEngine.execute(HierarchicalTestEngine.java:43)
	at org.junit.platform.launcher.core.DefaultLauncher.execute(DefaultLauncher.java:129)
	at org.junit.platform.launcher.core.DefaultLauncher.execute(DefaultLauncher.java:85)
	at com.intellij.junit5.JUnit5IdeaTestRunner.startRunnerWithArgs(JUnit5IdeaTestRunner.java:59)
	at com.intellij.rt.execution.junit.IdeaTestRunner$Repeater.startRunnerWithArgs(IdeaTestRunner.java:51)
	at com.intellij.rt.execution.junit.JUnitStarter.prepareStreamsAndStart(JUnitStarter.java:237)
	at com.intellij.rt.execution.junit.JUnitStarter.main(JUnitStarter.java:70)
	at sun.reflect.NativeMethodAccessorImpl.invoke0(Native Method)
	at sun.reflect.NativeMethodAccessorImpl.invoke(NativeMethodAccessorImpl.java:62)
	at sun.reflect.DelegatingMethodAccessorImpl.invoke(DelegatingMethodAccessorImpl.java:43)
	at java.lang.reflect.Method.invoke(Method.java:498)
	at com.intellij.rt.execution.application.AppMain.main(AppMain.java:147)
Caused by: Строка 'Пиф – паф! Ой-ой-ой!' в файле /media/60841ED2841EAA94/f/coding/shared/inno-labs/labs/lab1/src/main/resources/texts/заяц содержит запрещенные символы!
	at ru.innopolis.fdudinskiy.uniqcheck.resourceReaders.ResourceContent.read(ResourceContent.java:55)
	at ru.innopolis.fdudinskiy.uniqcheck.resourceReaders.FileContent.<init>(FileContent.java:52)
	at ru.innopolis.fdudinskiy.uniqcheck.resourceReaders.ResourceContentFactory.createChecker(ResourceContentFactory.java:33)
	at ru.innopolis.fdudinskiy.uniqcheck.threads.CreateResourceOperation.call(CreateResourceOperation.java:30)
	at ru.innopolis.fdudinskiy.uniqcheck.threads.CreateResourceOperation.call(CreateResourceOperation.java:11)
	at java.util.concurrent.FutureTask.run(FutureTask.java:266)
	at java.util.concurrent.ThreadPoolExecutor.runWorker(ThreadPoolExecutor.java:1142)
	at java.util.concurrent.ThreadPoolExecutor$Worker.run(ThreadPoolExecutor.java:617)
	at java.lang.Thread.run(Thread.java:745)

2017-02-14 20:03:57,545 ERROR r.i.f.u.MultiThreadApplication [main] Строка 'Пиф – паф! Ой-ой-ой!' в файле /media/60841ED2841EAA94/f/coding/shared/inno-labs/labs/lab1/src/main/resources/texts/заяц содержит запрещенные символы! java.util.concurrent.ExecutionException: Строка 'Пиф – паф! Ой-ой-ой!' в файле /media/60841ED2841EAA94/f/coding/shared/inno-labs/labs/lab1/src/main/resources/texts/заяц содержит запрещенные символы!
	at java.util.concurrent.FutureTask.report(FutureTask.java:122)
	at java.util.concurrent.FutureTask.get(FutureTask.java:192)
	at ru.innopolis.fdudinskiy.uniqcheck.MultiThreadApplication.getResourceContent(MultiThreadApplication.java:97)
	at ru.innopolis.fdudinskiy.uniqcheck.MultiThreadApplication.main(MultiThreadApplication.java:49)
	at MultiThreadApplicationTest.fullRun(MultiThreadApplicationTest.java:20)
	at sun.reflect.NativeMethodAccessorImpl.invoke0(Native Method)
	at sun.reflect.NativeMethodAccessorImpl.invoke(NativeMethodAccessorImpl.java:62)
	at sun.reflect.DelegatingMethodAccessorImpl.invoke(DelegatingMethodAccessorImpl.java:43)
	at java.lang.reflect.Method.invoke(Method.java:498)
	at org.junit.platform.commons.util.ReflectionUtils.invokeMethod(ReflectionUtils.java:289)
	at org.junit.jupiter.engine.execution.ExecutableInvoker.invoke(ExecutableInvoker.java:114)
	at org.junit.jupiter.engine.descriptor.MethodTestDescriptor.lambda$invokeTestMethod$7(MethodTestDescriptor.java:212)
	at org.junit.jupiter.engine.execution.ThrowableCollector.execute(ThrowableCollector.java:40)
	at org.junit.jupiter.engine.descriptor.MethodTestDescriptor.invokeTestMethod(MethodTestDescriptor.java:208)
	at org.junit.jupiter.engine.descriptor.MethodTestDescriptor.execute(MethodTestDescriptor.java:155)
	at org.junit.jupiter.engine.descriptor.MethodTestDescriptor.execute(MethodTestDescriptor.java:63)
	at org.junit.platform.engine.support.hierarchical.HierarchicalTestExecutor.lambda$execute$0(HierarchicalTestExecutor.java:80)
	at org.junit.platform.engine.support.hierarchical.SingleTestExecutor.executeSafely(SingleTestExecutor.java:66)
	at org.junit.platform.engine.support.hierarchical.HierarchicalTestExecutor.execute(HierarchicalTestExecutor.java:76)
	at org.junit.platform.engine.support.hierarchical.HierarchicalTestExecutor.lambda$execute$0(HierarchicalTestExecutor.java:87)
	at org.junit.platform.engine.support.hierarchical.SingleTestExecutor.executeSafely(SingleTestExecutor.java:66)
	at org.junit.platform.engine.support.hierarchical.HierarchicalTestExecutor.execute(HierarchicalTestExecutor.java:76)
	at org.junit.platform.engine.support.hierarchical.HierarchicalTestExecutor.lambda$execute$0(HierarchicalTestExecutor.java:87)
	at org.junit.platform.engine.support.hierarchical.SingleTestExecutor.executeSafely(SingleTestExecutor.java:66)
	at org.junit.platform.engine.support.hierarchical.HierarchicalTestExecutor.execute(HierarchicalTestExecutor.java:76)
	at org.junit.platform.engine.support.hierarchical.HierarchicalTestExecutor.execute(HierarchicalTestExecutor.java:51)
	at org.junit.platform.engine.support.hierarchical.HierarchicalTestEngine.execute(HierarchicalTestEngine.java:43)
	at org.junit.platform.launcher.core.DefaultLauncher.execute(DefaultLauncher.java:129)
	at org.junit.platform.launcher.core.DefaultLauncher.execute(DefaultLauncher.java:85)
	at com.intellij.junit5.JUnit5IdeaTestRunner.startRunnerWithArgs(JUnit5IdeaTestRunner.java:59)
	at com.intellij.rt.execution.junit.IdeaTestRunner$Repeater.startRunnerWithArgs(IdeaTestRunner.java:51)
	at com.intellij.rt.execution.junit.JUnitStarter.prepareStreamsAndStart(JUnitStarter.java:237)
	at com.intellij.rt.execution.junit.JUnitStarter.main(JUnitStarter.java:70)
	at sun.reflect.NativeMethodAccessorImpl.invoke0(Native Method)
	at sun.reflect.NativeMethodAccessorImpl.invoke(NativeMethodAccessorImpl.java:62)
	at sun.reflect.DelegatingMethodAccessorImpl.invoke(DelegatingMethodAccessorImpl.java:43)
	at java.lang.reflect.Method.invoke(Method.java:498)
	at com.intellij.rt.execution.application.AppMain.main(AppMain.java:147)
Caused by: Строка 'Пиф – паф! Ой-ой-ой!' в файле /media/60841ED2841EAA94/f/coding/shared/inno-labs/labs/lab1/src/main/resources/texts/заяц содержит запрещенные символы!
	at ru.innopolis.fdudinskiy.uniqcheck.resourceReaders.ResourceContent.read(ResourceContent.java:55)
	at ru.innopolis.fdudinskiy.uniqcheck.resourceReaders.FileContent.<init>(FileContent.java:52)
	at ru.innopolis.fdudinskiy.uniqcheck.resourceReaders.ResourceContentFactory.createChecker(ResourceContentFactory.java:33)
	at ru.innopolis.fdudinskiy.uniqcheck.threads.CreateResourceOperation.call(CreateResourceOperation.java:30)
	at ru.innopolis.fdudinskiy.uniqcheck.threads.CreateResourceOperation.call(CreateResourceOperation.java:11)
	at java.util.concurrent.FutureTask.run(FutureTask.java:266)
	at java.util.concurrent.ThreadPoolExecutor.runWorker(ThreadPoolExecutor.java:1142)
	at java.util.concurrent.ThreadPoolExecutor$Worker.run(ThreadPoolExecutor.java:617)
	at java.lang.Thread.run(Thread.java:745)

2017-02-14 20:05:08,760 ERROR r.i.f.u.MultiThreadApplication [main] Строка 'Пиф – паф! Ой-ой-ой!' в файле /media/60841ED2841EAA94/f/coding/shared/inno-labs/labs/lab1/src/main/resources/texts/заяц содержит запрещенные символы! java.util.concurrent.ExecutionException: Строка 'Пиф – паф! Ой-ой-ой!' в файле /media/60841ED2841EAA94/f/coding/shared/inno-labs/labs/lab1/src/main/resources/texts/заяц содержит запрещенные символы!
	at java.util.concurrent.FutureTask.report(FutureTask.java:122)
	at java.util.concurrent.FutureTask.get(FutureTask.java:192)
	at ru.innopolis.fdudinskiy.uniqcheck.MultiThreadApplication.getResourceContent(MultiThreadApplication.java:97)
	at ru.innopolis.fdudinskiy.uniqcheck.MultiThreadApplication.main(MultiThreadApplication.java:49)
	at MultiThreadApplicationTest.fullRun(MultiThreadApplicationTest.java:20)
	at sun.reflect.NativeMethodAccessorImpl.invoke0(Native Method)
	at sun.reflect.NativeMethodAccessorImpl.invoke(NativeMethodAccessorImpl.java:62)
	at sun.reflect.DelegatingMethodAccessorImpl.invoke(DelegatingMethodAccessorImpl.java:43)
	at java.lang.reflect.Method.invoke(Method.java:498)
	at org.junit.platform.commons.util.ReflectionUtils.invokeMethod(ReflectionUtils.java:289)
	at org.junit.jupiter.engine.execution.ExecutableInvoker.invoke(ExecutableInvoker.java:114)
	at org.junit.jupiter.engine.descriptor.MethodTestDescriptor.lambda$invokeTestMethod$7(MethodTestDescriptor.java:212)
	at org.junit.jupiter.engine.execution.ThrowableCollector.execute(ThrowableCollector.java:40)
	at org.junit.jupiter.engine.descriptor.MethodTestDescriptor.invokeTestMethod(MethodTestDescriptor.java:208)
	at org.junit.jupiter.engine.descriptor.MethodTestDescriptor.execute(MethodTestDescriptor.java:155)
	at org.junit.jupiter.engine.descriptor.MethodTestDescriptor.execute(MethodTestDescriptor.java:63)
	at org.junit.platform.engine.support.hierarchical.HierarchicalTestExecutor.lambda$execute$0(HierarchicalTestExecutor.java:80)
	at org.junit.platform.engine.support.hierarchical.SingleTestExecutor.executeSafely(SingleTestExecutor.java:66)
	at org.junit.platform.engine.support.hierarchical.HierarchicalTestExecutor.execute(HierarchicalTestExecutor.java:76)
	at org.junit.platform.engine.support.hierarchical.HierarchicalTestExecutor.lambda$execute$0(HierarchicalTestExecutor.java:87)
	at org.junit.platform.engine.support.hierarchical.SingleTestExecutor.executeSafely(SingleTestExecutor.java:66)
	at org.junit.platform.engine.support.hierarchical.HierarchicalTestExecutor.execute(HierarchicalTestExecutor.java:76)
	at org.junit.platform.engine.support.hierarchical.HierarchicalTestExecutor.lambda$execute$0(HierarchicalTestExecutor.java:87)
	at org.junit.platform.engine.support.hierarchical.SingleTestExecutor.executeSafely(SingleTestExecutor.java:66)
	at org.junit.platform.engine.support.hierarchical.HierarchicalTestExecutor.execute(HierarchicalTestExecutor.java:76)
	at org.junit.platform.engine.support.hierarchical.HierarchicalTestExecutor.execute(HierarchicalTestExecutor.java:51)
	at org.junit.platform.engine.support.hierarchical.HierarchicalTestEngine.execute(HierarchicalTestEngine.java:43)
	at org.junit.platform.launcher.core.DefaultLauncher.execute(DefaultLauncher.java:129)
	at org.junit.platform.launcher.core.DefaultLauncher.execute(DefaultLauncher.java:85)
	at com.intellij.junit5.JUnit5IdeaTestRunner.startRunnerWithArgs(JUnit5IdeaTestRunner.java:59)
	at com.intellij.rt.execution.junit.IdeaTestRunner$Repeater.startRunnerWithArgs(IdeaTestRunner.java:51)
	at com.intellij.rt.execution.junit.JUnitStarter.prepareStreamsAndStart(JUnitStarter.java:237)
	at com.intellij.rt.execution.junit.JUnitStarter.main(JUnitStarter.java:70)
	at sun.reflect.NativeMethodAccessorImpl.invoke0(Native Method)
	at sun.reflect.NativeMethodAccessorImpl.invoke(NativeMethodAccessorImpl.java:62)
	at sun.reflect.DelegatingMethodAccessorImpl.invoke(DelegatingMethodAccessorImpl.java:43)
	at java.lang.reflect.Method.invoke(Method.java:498)
	at com.intellij.rt.execution.application.AppMain.main(AppMain.java:147)
Caused by: Строка 'Пиф – паф! Ой-ой-ой!' в файле /media/60841ED2841EAA94/f/coding/shared/inno-labs/labs/lab1/src/main/resources/texts/заяц содержит запрещенные символы!
	at ru.innopolis.fdudinskiy.uniqcheck.resourceReaders.ResourceContent.read(ResourceContent.java:55)
	at ru.innopolis.fdudinskiy.uniqcheck.resourceReaders.FileContent.<init>(FileContent.java:52)
	at ru.innopolis.fdudinskiy.uniqcheck.resourceReaders.ResourceContentFactory.createChecker(ResourceContentFactory.java:33)
	at ru.innopolis.fdudinskiy.uniqcheck.threads.CreateResourceOperation.call(CreateResourceOperation.java:30)
	at ru.innopolis.fdudinskiy.uniqcheck.threads.CreateResourceOperation.call(CreateResourceOperation.java:11)
	at java.util.concurrent.FutureTask.run(FutureTask.java:266)
	at java.util.concurrent.ThreadPoolExecutor.runWorker(ThreadPoolExecutor.java:1142)
	at java.util.concurrent.ThreadPoolExecutor$Worker.run(ThreadPoolExecutor.java:617)
	at java.lang.Thread.run(Thread.java:745)

2017-02-14 20:06:55,132 INFO r.i.f.u.MultiThreadApplication [main] Добавление слов прошло успешно, ресурсы содержат только уникальные слова 
2017-02-14 20:07:23,259 INFO r.i.f.u.MultiThreadApplication [main] Добавление слов прошло успешно, ресурсы содержат только уникальные слова 
